<?xml version="1.0" encoding="UTF-8"?>
<testng-results skipped="0" failed="0" total="1" passed="1">
  <reporter-output>
  </reporter-output>
  <suite name="com.qa.test.TestClassA" duration-ms="13689" started-at="2019-11-18T06:55:47Z" finished-at="2019-11-18T06:56:01Z">
    <groups>
    </groups>
    <test name="Command line test" duration-ms="13689" started-at="2019-11-18T06:55:47Z" finished-at="2019-11-18T06:56:01Z">
      <class name="com.qa.test.TestClassA">
        <test-method status="PASS" signature="setUp()[pri:0, instance:com.qa.test.TestClassA@7f63425a]" name="setUp" is-config="true" duration-ms="13070" started-at="2019-11-18T06:55:47Z" finished-at="2019-11-18T06:56:00Z">
          <reporter-output>
          </reporter-output>
        </test-method> <!-- setUp -->
        <test-method status="PASS" signature="testMethod()[pri:0, instance:com.qa.test.TestClassA@7f63425a]" name="testMethod" duration-ms="20" started-at="2019-11-18T06:56:00Z" finished-at="2019-11-18T06:56:00Z">
          <reporter-output>
          </reporter-output>
        </test-method> <!-- testMethod -->
        <test-method status="PASS" signature="tearDown()[pri:0, instance:com.qa.test.TestClassA@7f63425a]" name="tearDown" is-config="true" duration-ms="588" started-at="2019-11-18T06:56:00Z" finished-at="2019-11-18T06:56:01Z">
          <reporter-output>
          </reporter-output>
        </test-method> <!-- tearDown -->
      </class> <!-- com.qa.test.TestClassA -->
    </test> <!-- Command line test -->
  </suite> <!-- com.qa.test.TestClassA -->
</testng-results>
